0 silly input [ 'publish' ]
1 silly flags { _: [ 'publish' ], 'reject-cycles': false, rejectCycles: false }
2 verbose rootPath /Library/WebServer/Documents/bol/pocs/scoping-test
3 info version 2.9.1
4 silly isInitialized
5 silly isInitialized true
6 silly existsSync /Library/WebServer/Documents/bol/pocs/scoping-test/VERSION
7 silly initialize attempt
8 info current version 0.0.0
9 silly isDetachedHead
10 silly getCurrentBranch
11 error initialize caught error
12 error Error: fatal: ambiguous argument 'HEAD': unknown revision or path not in the working tree.
12 error Use '--' to separate paths from revisions, like this:
12 error 'git <command> [<revision>...] -- [<file>...]'
12 error
12 error     at Function.module.exports.sync (/Library/WebServer/Documents/bol/pocs/scoping-test/node_modules/execa/index.js:303:26)
12 error     at Function.execSync (/Library/WebServer/Documents/bol/pocs/scoping-test/node_modules/lerna/lib/ChildProcessUtilities.js:59:30)
12 error     at Function.getCurrentBranch (/Library/WebServer/Documents/bol/pocs/scoping-test/node_modules/lerna/lib/GitUtilities.js:203:59)
12 error     at Function.isDetachedHead (/Library/WebServer/Documents/bol/pocs/scoping-test/node_modules/lerna/lib/GitUtilities.js:45:37)
12 error     at PublishCommand.initialize (/Library/WebServer/Documents/bol/pocs/scoping-test/node_modules/lerna/lib/commands/PublishCommand.js:260:36)
